<?xml version="1.0" encoding="UTF-8"?>
<testng-results ignored="0" total="12" passed="12" failed="0" skipped="0">
  <reporter-output>
  </reporter-output>
  <suite started-at="2025-05-03T13:35:05 IST" name="Suite" finished-at="2025-05-03T13:35:52 IST" duration-ms="47527">
    <groups>
      <group name="SmokeTest">
        <method signature="CreateContactTest.createContactTest()[pri:0, instance:com.comcast.crm.contacttest.CreateContactTest@3eb25e1a]" name="createContactTest" class="com.comcast.crm.contacttest.CreateContactTest"/>
        <method signature="CreateOrganizationTest.OrganizationTest()[pri:0, instance:com.comcast.crm.orgtest.CreateOrganizationTest@5bda8e08]" name="OrganizationTest" class="com.comcast.crm.orgtest.CreateOrganizationTest"/>
        <method signature="CreateContactTest.createContactTest()[pri:0, instance:com.comcast.crm.contacttest.CreateContactTest@6200f9cb]" name="createContactTest" class="com.comcast.crm.contacttest.CreateContactTest"/>
        <method signature="CreateOrganizationTest.OrganizationTest()[pri:0, instance:com.comcast.crm.orgtest.CreateOrganizationTest@2002fc1d]" name="OrganizationTest" class="com.comcast.crm.orgtest.CreateOrganizationTest"/>
      </group> <!-- SmokeTest -->
      <group name="RegressionTest">
        <method signature="CreateContactTest.CreateContactWithOrgTest()[pri:0, instance:com.comcast.crm.contacttest.CreateContactTest@3eb25e1a]" name="CreateContactWithOrgTest" class="com.comcast.crm.contacttest.CreateContactTest"/>
        <method signature="CreateContactTest.CreateContactWithSupportDateTest()[pri:0, instance:com.comcast.crm.contacttest.CreateContactTest@3eb25e1a]" name="CreateContactWithSupportDateTest" class="com.comcast.crm.contacttest.CreateContactTest"/>
        <method signature="CreateContactTest.createContactTest()[pri:0, instance:com.comcast.crm.contacttest.CreateContactTest@3eb25e1a]" name="createContactTest" class="com.comcast.crm.contacttest.CreateContactTest"/>
        <method signature="CreateOrganizationTest.OrganizationWithIndustryTest()[pri:0, instance:com.comcast.crm.orgtest.CreateOrganizationTest@5bda8e08]" name="OrganizationWithIndustryTest" class="com.comcast.crm.orgtest.CreateOrganizationTest"/>
        <method signature="CreateOrganizationTest.OrganizationWithPhoneNumberTest()[pri:0, instance:com.comcast.crm.orgtest.CreateOrganizationTest@5bda8e08]" name="OrganizationWithPhoneNumberTest" class="com.comcast.crm.orgtest.CreateOrganizationTest"/>
        <method signature="CreateContactTest.CreateContactWithOrgTest()[pri:0, instance:com.comcast.crm.contacttest.CreateContactTest@6200f9cb]" name="CreateContactWithOrgTest" class="com.comcast.crm.contacttest.CreateContactTest"/>
        <method signature="CreateContactTest.CreateContactWithSupportDateTest()[pri:0, instance:com.comcast.crm.contacttest.CreateContactTest@6200f9cb]" name="CreateContactWithSupportDateTest" class="com.comcast.crm.contacttest.CreateContactTest"/>
        <method signature="CreateContactTest.createContactTest()[pri:0, instance:com.comcast.crm.contacttest.CreateContactTest@6200f9cb]" name="createContactTest" class="com.comcast.crm.contacttest.CreateContactTest"/>
        <method signature="CreateOrganizationTest.OrganizationWithIndustryTest()[pri:0, instance:com.comcast.crm.orgtest.CreateOrganizationTest@2002fc1d]" name="OrganizationWithIndustryTest" class="com.comcast.crm.orgtest.CreateOrganizationTest"/>
        <method signature="CreateOrganizationTest.OrganizationWithPhoneNumberTest()[pri:0, instance:com.comcast.crm.orgtest.CreateOrganizationTest@2002fc1d]" name="OrganizationWithPhoneNumberTest" class="com.comcast.crm.orgtest.CreateOrganizationTest"/>
      </group> <!-- RegressionTest -->
    </groups>
    <test started-at="2025-05-03T13:35:05 IST" name="TestRunner-Edge" finished-at="2025-05-03T13:35:52 IST" duration-ms="47466">
      <class name="com.comcast.crm.orgtest.CreateOrganizationTest">
        <test-method is-config="true" signature="configBeforeClass()[pri:0, instance:com.comcast.crm.orgtest.CreateOrganizationTest@5bda8e08]" started-at="2025-05-03T13:35:32 IST" name="configBeforeClass" finished-at="2025-05-03T13:35:33 IST" duration-ms="1449" status="PASS">
          <reporter-output>
          </reporter-output>
        </test-method> <!-- configBeforeClass -->
        <test-method is-config="true" signature="configBM()[pri:0, instance:com.comcast.crm.orgtest.CreateOrganizationTest@5bda8e08]" started-at="2025-05-03T13:35:33 IST" name="configBM" finished-at="2025-05-03T13:35:34 IST" duration-ms="487" status="PASS">
          <reporter-output>
          </reporter-output>
        </test-method> <!-- configBM -->
        <test-method signature="OrganizationTest()[pri:0, instance:com.comcast.crm.orgtest.CreateOrganizationTest@5bda8e08]" started-at="2025-05-03T13:35:34 IST" name="OrganizationTest" finished-at="2025-05-03T13:35:39 IST" duration-ms="4993" status="PASS">
          <reporter-output>
          </reporter-output>
        </test-method> <!-- OrganizationTest -->
        <test-method is-config="true" signature="configAM()[pri:0, instance:com.comcast.crm.orgtest.CreateOrganizationTest@5bda8e08]" started-at="2025-05-03T13:35:39 IST" name="configAM" finished-at="2025-05-03T13:35:39 IST" duration-ms="725" status="PASS">
          <reporter-output>
          </reporter-output>
        </test-method> <!-- configAM -->
        <test-method is-config="true" signature="configBM()[pri:0, instance:com.comcast.crm.orgtest.CreateOrganizationTest@5bda8e08]" started-at="2025-05-03T13:35:39 IST" name="configBM" finished-at="2025-05-03T13:35:41 IST" duration-ms="1354" status="PASS">
          <reporter-output>
          </reporter-output>
        </test-method> <!-- configBM -->
        <test-method signature="OrganizationWithIndustryTest()[pri:0, instance:com.comcast.crm.orgtest.CreateOrganizationTest@5bda8e08]" started-at="2025-05-03T13:35:41 IST" name="OrganizationWithIndustryTest" finished-at="2025-05-03T13:35:45 IST" duration-ms="4267" status="PASS">
          <reporter-output>
          </reporter-output>
        </test-method> <!-- OrganizationWithIndustryTest -->
        <test-method is-config="true" signature="configAM()[pri:0, instance:com.comcast.crm.orgtest.CreateOrganizationTest@5bda8e08]" started-at="2025-05-03T13:35:45 IST" name="configAM" finished-at="2025-05-03T13:35:46 IST" duration-ms="714" status="PASS">
          <reporter-output>
          </reporter-output>
        </test-method> <!-- configAM -->
        <test-method is-config="true" signature="configBM()[pri:0, instance:com.comcast.crm.orgtest.CreateOrganizationTest@5bda8e08]" started-at="2025-05-03T13:35:46 IST" name="configBM" finished-at="2025-05-03T13:35:47 IST" duration-ms="1505" status="PASS">
          <reporter-output>
          </reporter-output>
        </test-method> <!-- configBM -->
        <test-method signature="OrganizationWithPhoneNumberTest()[pri:0, instance:com.comcast.crm.orgtest.CreateOrganizationTest@5bda8e08]" started-at="2025-05-03T13:35:47 IST" name="OrganizationWithPhoneNumberTest" finished-at="2025-05-03T13:35:51 IST" duration-ms="3995" status="PASS">
          <reporter-output>
          </reporter-output>
        </test-method> <!-- OrganizationWithPhoneNumberTest -->
        <test-method is-config="true" signature="configAM()[pri:0, instance:com.comcast.crm.orgtest.CreateOrganizationTest@5bda8e08]" started-at="2025-05-03T13:35:51 IST" name="configAM" finished-at="2025-05-03T13:35:52 IST" duration-ms="763" status="PASS">
          <reporter-output>
          </reporter-output>
        </test-method> <!-- configAM -->
        <test-method is-config="true" signature="configAfterClass()[pri:0, instance:com.comcast.crm.orgtest.CreateOrganizationTest@5bda8e08]" started-at="2025-05-03T13:35:52 IST" name="configAfterClass" finished-at="2025-05-03T13:35:52 IST" duration-ms="239" status="PASS">
          <reporter-output>
          </reporter-output>
        </test-method> <!-- configAfterClass -->
      </class> <!-- com.comcast.crm.orgtest.CreateOrganizationTest -->
      <class name="com.comcast.crm.contacttest.CreateContactTest">
        <test-method is-config="true" signature="configBeforeClass()[pri:0, instance:com.comcast.crm.contacttest.CreateContactTest@3eb25e1a]" started-at="2025-05-03T13:35:05 IST" name="configBeforeClass" finished-at="2025-05-03T13:35:07 IST" duration-ms="1889" status="PASS">
          <reporter-output>
          </reporter-output>
        </test-method> <!-- configBeforeClass -->
        <test-method is-config="true" signature="configBM()[pri:0, instance:com.comcast.crm.contacttest.CreateContactTest@3eb25e1a]" started-at="2025-05-03T13:35:07 IST" name="configBM" finished-at="2025-05-03T13:35:07 IST" duration-ms="606" status="PASS">
          <reporter-output>
          </reporter-output>
        </test-method> <!-- configBM -->
        <test-method signature="CreateContactWithOrgTest()[pri:0, instance:com.comcast.crm.contacttest.CreateContactTest@3eb25e1a]" started-at="2025-05-03T13:35:07 IST" name="CreateContactWithOrgTest" finished-at="2025-05-03T13:35:18 IST" duration-ms="10730" status="PASS">
          <reporter-output>
          </reporter-output>
        </test-method> <!-- CreateContactWithOrgTest -->
        <test-method is-config="true" signature="configAM()[pri:0, instance:com.comcast.crm.contacttest.CreateContactTest@3eb25e1a]" started-at="2025-05-03T13:35:18 IST" name="configAM" finished-at="2025-05-03T13:35:19 IST" duration-ms="769" status="PASS">
          <reporter-output>
          </reporter-output>
        </test-method> <!-- configAM -->
        <test-method is-config="true" signature="configBM()[pri:0, instance:com.comcast.crm.contacttest.CreateContactTest@3eb25e1a]" started-at="2025-05-03T13:35:19 IST" name="configBM" finished-at="2025-05-03T13:35:20 IST" duration-ms="1377" status="PASS">
          <reporter-output>
          </reporter-output>
        </test-method> <!-- configBM -->
        <test-method signature="CreateContactWithSupportDateTest()[pri:0, instance:com.comcast.crm.contacttest.CreateContactTest@3eb25e1a]" started-at="2025-05-03T13:35:20 IST" name="CreateContactWithSupportDateTest" finished-at="2025-05-03T13:35:24 IST" duration-ms="4140" status="PASS">
          <reporter-output>
          </reporter-output>
        </test-method> <!-- CreateContactWithSupportDateTest -->
        <test-method is-config="true" signature="configAM()[pri:0, instance:com.comcast.crm.contacttest.CreateContactTest@3eb25e1a]" started-at="2025-05-03T13:35:24 IST" name="configAM" finished-at="2025-05-03T13:35:25 IST" duration-ms="692" status="PASS">
          <reporter-output>
          </reporter-output>
        </test-method> <!-- configAM -->
        <test-method is-config="true" signature="configBM()[pri:0, instance:com.comcast.crm.contacttest.CreateContactTest@3eb25e1a]" started-at="2025-05-03T13:35:25 IST" name="configBM" finished-at="2025-05-03T13:35:26 IST" duration-ms="1401" status="PASS">
          <reporter-output>
          </reporter-output>
        </test-method> <!-- configBM -->
        <test-method signature="createContactTest()[pri:0, instance:com.comcast.crm.contacttest.CreateContactTest@3eb25e1a]" started-at="2025-05-03T13:35:26 IST" name="createContactTest" finished-at="2025-05-03T13:35:30 IST" duration-ms="4197" status="PASS">
          <reporter-output>
          </reporter-output>
        </test-method> <!-- createContactTest -->
        <test-method is-config="true" signature="configAM()[pri:0, instance:com.comcast.crm.contacttest.CreateContactTest@3eb25e1a]" started-at="2025-05-03T13:35:30 IST" name="configAM" finished-at="2025-05-03T13:35:31 IST" duration-ms="785" status="PASS">
          <reporter-output>
          </reporter-output>
        </test-method> <!-- configAM -->
        <test-method is-config="true" signature="configAfterClass()[pri:0, instance:com.comcast.crm.contacttest.CreateContactTest@3eb25e1a]" started-at="2025-05-03T13:35:31 IST" name="configAfterClass" finished-at="2025-05-03T13:35:32 IST" duration-ms="319" status="PASS">
          <reporter-output>
          </reporter-output>
        </test-method> <!-- configAfterClass -->
      </class> <!-- com.comcast.crm.contacttest.CreateContactTest -->
    </test> <!-- TestRunner-Edge -->
    <test started-at="2025-05-03T13:35:05 IST" name="TestRunner-Chrome" finished-at="2025-05-03T13:35:52 IST" duration-ms="47527">
      <class name="com.comcast.crm.orgtest.CreateOrganizationTest">
        <test-method is-config="true" signature="configBeforeClass()[pri:0, instance:com.comcast.crm.orgtest.CreateOrganizationTest@2002fc1d]" started-at="2025-05-03T13:35:32 IST" name="configBeforeClass" finished-at="2025-05-03T13:35:33 IST" duration-ms="1336" status="PASS">
          <reporter-output>
          </reporter-output>
        </test-method> <!-- configBeforeClass -->
        <test-method is-config="true" signature="configBM()[pri:0, instance:com.comcast.crm.orgtest.CreateOrganizationTest@2002fc1d]" started-at="2025-05-03T13:35:33 IST" name="configBM" finished-at="2025-05-03T13:35:33 IST" duration-ms="536" status="PASS">
          <reporter-output>
          </reporter-output>
        </test-method> <!-- configBM -->
        <test-method signature="OrganizationTest()[pri:0, instance:com.comcast.crm.orgtest.CreateOrganizationTest@2002fc1d]" started-at="2025-05-03T13:35:33 IST" name="OrganizationTest" finished-at="2025-05-03T13:35:39 IST" duration-ms="5158" status="PASS">
          <reporter-output>
          </reporter-output>
        </test-method> <!-- OrganizationTest -->
        <test-method is-config="true" signature="configAM()[pri:0, instance:com.comcast.crm.orgtest.CreateOrganizationTest@2002fc1d]" started-at="2025-05-03T13:35:39 IST" name="configAM" finished-at="2025-05-03T13:35:39 IST" duration-ms="694" status="PASS">
          <reporter-output>
          </reporter-output>
        </test-method> <!-- configAM -->
        <test-method is-config="true" signature="configBM()[pri:0, instance:com.comcast.crm.orgtest.CreateOrganizationTest@2002fc1d]" started-at="2025-05-03T13:35:39 IST" name="configBM" finished-at="2025-05-03T13:35:41 IST" duration-ms="1283" status="PASS">
          <reporter-output>
          </reporter-output>
        </test-method> <!-- configBM -->
        <test-method signature="OrganizationWithIndustryTest()[pri:0, instance:com.comcast.crm.orgtest.CreateOrganizationTest@2002fc1d]" started-at="2025-05-03T13:35:41 IST" name="OrganizationWithIndustryTest" finished-at="2025-05-03T13:35:45 IST" duration-ms="4239" status="PASS">
          <reporter-output>
          </reporter-output>
        </test-method> <!-- OrganizationWithIndustryTest -->
        <test-method is-config="true" signature="configAM()[pri:0, instance:com.comcast.crm.orgtest.CreateOrganizationTest@2002fc1d]" started-at="2025-05-03T13:35:45 IST" name="configAM" finished-at="2025-05-03T13:35:46 IST" duration-ms="716" status="PASS">
          <reporter-output>
          </reporter-output>
        </test-method> <!-- configAM -->
        <test-method is-config="true" signature="configBM()[pri:0, instance:com.comcast.crm.orgtest.CreateOrganizationTest@2002fc1d]" started-at="2025-05-03T13:35:46 IST" name="configBM" finished-at="2025-05-03T13:35:47 IST" duration-ms="1503" status="PASS">
          <reporter-output>
          </reporter-output>
        </test-method> <!-- configBM -->
        <test-method signature="OrganizationWithPhoneNumberTest()[pri:0, instance:com.comcast.crm.orgtest.CreateOrganizationTest@2002fc1d]" started-at="2025-05-03T13:35:47 IST" name="OrganizationWithPhoneNumberTest" finished-at="2025-05-03T13:35:51 IST" duration-ms="3993" status="PASS">
          <reporter-output>
          </reporter-output>
        </test-method> <!-- OrganizationWithPhoneNumberTest -->
        <test-method is-config="true" signature="configAM()[pri:0, instance:com.comcast.crm.orgtest.CreateOrganizationTest@2002fc1d]" started-at="2025-05-03T13:35:51 IST" name="configAM" finished-at="2025-05-03T13:35:52 IST" duration-ms="765" status="PASS">
          <reporter-output>
          </reporter-output>
        </test-method> <!-- configAM -->
        <test-method is-config="true" signature="configAfterClass()[pri:0, instance:com.comcast.crm.orgtest.CreateOrganizationTest@2002fc1d]" started-at="2025-05-03T13:35:52 IST" name="configAfterClass" finished-at="2025-05-03T13:35:52 IST" duration-ms="301" status="PASS">
          <reporter-output>
          </reporter-output>
        </test-method> <!-- configAfterClass -->
      </class> <!-- com.comcast.crm.orgtest.CreateOrganizationTest -->
      <class name="com.comcast.crm.contacttest.CreateContactTest">
        <test-method is-config="true" signature="configBeforeSuite()[pri:0, instance:com.comcast.crm.contacttest.CreateContactTest@6200f9cb]" started-at="2025-05-03T13:35:04 IST" name="configBeforeSuite" finished-at="2025-05-03T13:35:05 IST" duration-ms="535" status="PASS">
          <reporter-output>
          </reporter-output>
        </test-method> <!-- configBeforeSuite -->
        <test-method is-config="true" signature="configBeforeClass()[pri:0, instance:com.comcast.crm.contacttest.CreateContactTest@6200f9cb]" started-at="2025-05-03T13:35:05 IST" name="configBeforeClass" finished-at="2025-05-03T13:35:07 IST" duration-ms="1889" status="PASS">
          <reporter-output>
          </reporter-output>
        </test-method> <!-- configBeforeClass -->
        <test-method is-config="true" signature="configBM()[pri:0, instance:com.comcast.crm.contacttest.CreateContactTest@6200f9cb]" started-at="2025-05-03T13:35:07 IST" name="configBM" finished-at="2025-05-03T13:35:07 IST" duration-ms="606" status="PASS">
          <reporter-output>
          </reporter-output>
        </test-method> <!-- configBM -->
        <test-method signature="CreateContactWithOrgTest()[pri:0, instance:com.comcast.crm.contacttest.CreateContactTest@6200f9cb]" started-at="2025-05-03T13:35:07 IST" name="CreateContactWithOrgTest" finished-at="2025-05-03T13:35:18 IST" duration-ms="10730" status="PASS">
          <reporter-output>
          </reporter-output>
        </test-method> <!-- CreateContactWithOrgTest -->
        <test-method is-config="true" signature="configAM()[pri:0, instance:com.comcast.crm.contacttest.CreateContactTest@6200f9cb]" started-at="2025-05-03T13:35:18 IST" name="configAM" finished-at="2025-05-03T13:35:19 IST" duration-ms="745" status="PASS">
          <reporter-output>
          </reporter-output>
        </test-method> <!-- configAM -->
        <test-method is-config="true" signature="configBM()[pri:0, instance:com.comcast.crm.contacttest.CreateContactTest@6200f9cb]" started-at="2025-05-03T13:35:19 IST" name="configBM" finished-at="2025-05-03T13:35:20 IST" duration-ms="1323" status="PASS">
          <reporter-output>
          </reporter-output>
        </test-method> <!-- configBM -->
        <test-method signature="CreateContactWithSupportDateTest()[pri:0, instance:com.comcast.crm.contacttest.CreateContactTest@6200f9cb]" started-at="2025-05-03T13:35:20 IST" name="CreateContactWithSupportDateTest" finished-at="2025-05-03T13:35:24 IST" duration-ms="4213" status="PASS">
          <reporter-output>
          </reporter-output>
        </test-method> <!-- CreateContactWithSupportDateTest -->
        <test-method is-config="true" signature="configAM()[pri:0, instance:com.comcast.crm.contacttest.CreateContactTest@6200f9cb]" started-at="2025-05-03T13:35:24 IST" name="configAM" finished-at="2025-05-03T13:35:25 IST" duration-ms="690" status="PASS">
          <reporter-output>
          </reporter-output>
        </test-method> <!-- configAM -->
        <test-method is-config="true" signature="configBM()[pri:0, instance:com.comcast.crm.contacttest.CreateContactTest@6200f9cb]" started-at="2025-05-03T13:35:25 IST" name="configBM" finished-at="2025-05-03T13:35:26 IST" duration-ms="1358" status="PASS">
          <reporter-output>
          </reporter-output>
        </test-method> <!-- configBM -->
        <test-method signature="createContactTest()[pri:0, instance:com.comcast.crm.contacttest.CreateContactTest@6200f9cb]" started-at="2025-05-03T13:35:26 IST" name="createContactTest" finished-at="2025-05-03T13:35:30 IST" duration-ms="4243" status="PASS">
          <reporter-output>
          </reporter-output>
        </test-method> <!-- createContactTest -->
        <test-method is-config="true" signature="configAM()[pri:0, instance:com.comcast.crm.contacttest.CreateContactTest@6200f9cb]" started-at="2025-05-03T13:35:30 IST" name="configAM" finished-at="2025-05-03T13:35:31 IST" duration-ms="785" status="PASS">
          <reporter-output>
          </reporter-output>
        </test-method> <!-- configAM -->
        <test-method is-config="true" signature="configAfterClass()[pri:0, instance:com.comcast.crm.contacttest.CreateContactTest@6200f9cb]" started-at="2025-05-03T13:35:31 IST" name="configAfterClass" finished-at="2025-05-03T13:35:32 IST" duration-ms="346" status="PASS">
          <reporter-output>
          </reporter-output>
        </test-method> <!-- configAfterClass -->
        <test-method is-config="true" signature="configAfterSuite()[pri:0, instance:com.comcast.crm.contacttest.CreateContactTest@6200f9cb]" started-at="2025-05-03T13:35:52 IST" name="configAfterSuite" finished-at="2025-05-03T13:35:52 IST" duration-ms="3" status="PASS">
          <reporter-output>
          </reporter-output>
        </test-method> <!-- configAfterSuite -->
      </class> <!-- com.comcast.crm.contacttest.CreateContactTest -->
    </test> <!-- TestRunner-Chrome -->
  </suite> <!-- Suite -->
</testng-results>
