<?xml version="1.0" encoding="UTF-8"?>
<!-- Generated by org.testng.reporters.JUnitXMLReporter -->
<testsuite ignored="2" hostname="LAPTOP-QLTQ10AV" failures="0" tests="6" name="TestRunner-Edge" time="47.466" errors="0" timestamp="2025-05-03T13:35:52 IST">
  <testcase classname="com.comcast.crm.contacttest.CreateContactTest" name="CreateContactWithOrgTest" time="10.73"/>
  <testcase classname="com.comcast.crm.contacttest.CreateContactTest" name="CreateContactWithSupportDateTest" time="4.14"/>
  <testcase classname="com.comcast.crm.contacttest.CreateContactTest" name="createContactTest" time="4.197"/>
  <testcase classname="com.comcast.crm.orgtest.CreateOrganizationTest" name="OrganizationTest" time="4.993"/>
  <testcase classname="com.comcast.crm.orgtest.CreateOrganizationTest" name="OrganizationWithIndustryTest" time="4.267"/>
  <testcase classname="com.comcast.crm.orgtest.CreateOrganizationTest" name="OrganizationWithPhoneNumberTest" time="3.995"/>
  <testcase classname="com.crm.generic.baseUtility.BaseClassMain" name="@BeforeSuite configBeforeSuite" time="0.0">
    <ignored/>
  </testcase> <!-- @BeforeSuite configBeforeSuite -->
  <testcase classname="com.crm.generic.baseUtility.BaseClassMain" name="@AfterSuite configAfterSuite" time="0.0">
    <ignored/>
  </testcase> <!-- @AfterSuite configAfterSuite -->
</testsuite> <!-- TestRunner-Edge -->
